logs/df81d482-dd44-4711-8974-d3d54ed64d68.txt
val_bpb:enabled tokenizer_kind=sentencepiece tokenizer_path=./data/tokenizers/fineweb_1024_bpe.model
train_loader:dataset:fineweb10B_sp1024 train_shards:80
val_loader:shards pattern=./data/datasets/fineweb10B_sp1024/fineweb_val_*.bin tokens:62021632
model_params:18436169
world_size:1 grad_accum_steps:8
v10_sdclip: leaky_relu^2 muon_wd:0.04 eval_stride:64 xsa_all:True bigram_vocab_size:10240 bigram_dim:128 INT8_SD_CLIP:3.0
sdp_backends:cudnn=False flash=True mem_efficient=False math=False
attention_mode:gqa num_heads:8 num_kv_heads:4
tie_embeddings:True embed_lr:0.05 head_lr:0.0 matrix_lr:0.04 scalar_lr:0.04
train_batch_tokens:524288 train_seq_len:1024 iterations:20000 warmup_steps:20 max_wallclock_seconds:600.000
seed:1337
warmup_step:1/20
warmup_step:2/20
warmup_step:3/20
warmup_step:4/20
warmup_step:5/20
warmup_step:6/20
warmup_step:7/20
warmup_step:8/20
warmup_step:9/20
warmup_step:10/20
warmup_step:11/20
warmup_step:12/20
warmup_step:13/20
warmup_step:14/20
warmup_step:15/20
warmup_step:16/20
warmup_step:17/20
warmup_step:18/20
warmup_step:19/20
warmup_step:20/20
step:0/20000 val_loss:6.9353 val_bpb:4.1075 train_time:0ms step_avg:0.02ms
step:1/20000 train_loss:6.9354 train_time:1639ms step_avg:1639.40ms
step:2/20000 train_loss:16.7384 train_time:3292ms step_avg:1645.89ms
step:3/20000 train_loss:15.5859 train_time:4951ms step_avg:1650.17ms
step:4/20000 train_loss:13.5702 train_time:6605ms step_avg:1651.20ms
step:5/20000 train_loss:11.3911 train_time:8260ms step_avg:1651.96ms
step:6/20000 train_loss:9.4419 train_time:9918ms step_avg:1652.99ms
step:7/20000 train_loss:7.9208 train_time:11577ms step_avg:1653.85ms
step:8/20000 train_loss:7.0181 train_time:13235ms step_avg:1654.37ms
step:9/20000 train_loss:6.3969 train_time:14894ms step_avg:1654.90ms
step:10/20000 train_loss:6.0589 train_time:16553ms step_avg:1655.26ms
step:200/20000 train_loss:2.7643 train_time:335410ms step_avg:1677.05ms
step:358/20000 val_loss:2.5990 val_bpb:1.5393 train_time:600780ms step_avg:1678.16ms
stopping_early: wallclock_cap train_time:600780ms step:358/20000
peak memory allocated: 11396 MiB reserved: 11454 MiB
Serialized model: 70109594 bytes
Code size: 56826 bytes
Total submission size: 70166420 bytes
Serialized model int8+zlib: 8746628 bytes (payload:18641188 raw_torch:18687505 payload_ratio:3.76x)
Total submission size int8+zlib: 8803454 bytes
final_eval_mode:sliding_window stride:64 batch_seqs:512
  sliding_eval [  0.1%] 512/969088 windows running_bpb=1.5819
  sliding_eval [  5.3%] 51712/969088 windows running_bpb=1.5484
  sliding_eval [ 10.6%] 102912/969088 windows running_bpb=1.5508
  sliding_eval [ 15.9%] 154112/969088 windows running_bpb=1.5503
  sliding_eval [ 21.2%] 205312/969088 windows running_bpb=1.5495
  sliding_eval [ 26.5%] 256512/969088 windows running_bpb=1.5452
  sliding_eval [ 31.8%] 307712/969088 windows running_bpb=1.5420
  sliding_eval [ 37.0%] 358912/969088 windows running_bpb=1.5371
  sliding_eval [ 42.3%] 410112/969088 windows running_bpb=1.5366
  sliding_eval [ 47.6%] 461312/969088 windows running_bpb=1.5375
  sliding_eval [ 52.9%] 512512/969088 windows running_bpb=1.5389
  sliding_eval [ 58.2%] 563712/969088 windows running_bpb=1.5403
  sliding_eval [ 63.5%] 614912/969088 windows running_bpb=1.5384
  sliding_eval [ 68.7%] 666112/969088 windows running_bpb=1.5360
  sliding_eval [ 74.0%] 717312/969088 windows running_bpb=1.5352
  sliding_eval [ 79.3%] 768512/969088 windows running_bpb=1.5371
  sliding_eval [ 84.6%] 819712/969088 windows running_bpb=1.5384
  sliding_eval [ 89.9%] 870912/969088 windows running_bpb=1.5388
  sliding_eval [ 95.2%] 922112/969088 windows running_bpb=1.5375
final_int8_zlib_roundtrip val_loss:2.5942 val_bpb:1.5364 eval_time:2282454ms
final_int8_zlib_roundtrip_exact val_loss:2.59420937 val_bpb:1.53643888
