logs/ade0250d-764d-453f-93a5-670c292a5804.txt
val_bpb:enabled tokenizer_kind=sentencepiece tokenizer_path=./data/tokenizers/fineweb_1024_bpe.model
train_loader:dataset:fineweb10B_sp1024 train_shards:80
val_loader:shards pattern=./data/datasets/fineweb10B_sp1024/fineweb_val_*.bin tokens:62021632
model_params:18436169
world_size:1 grad_accum_steps:8
v5: leaky_relu^2 muon_wd:0.01 eval_stride:0 xsa_all:True bigram_vocab_size:10240 bigram_dim:128
sdp_backends:cudnn=False flash=True mem_efficient=False math=False
attention_mode:gqa num_heads:8 num_kv_heads:4
tie_embeddings:True embed_lr:0.05 head_lr:0.0 matrix_lr:0.04 scalar_lr:0.04
train_batch_tokens:524288 train_seq_len:1024 iterations:20000 warmup_steps:20 max_wallclock_seconds:600.000
seed:1337
warmup_step:1/20
warmup_step:2/20
warmup_step:3/20
warmup_step:4/20
warmup_step:5/20
warmup_step:6/20
warmup_step:7/20
warmup_step:8/20
warmup_step:9/20
warmup_step:10/20
warmup_step:11/20
warmup_step:12/20
warmup_step:13/20
warmup_step:14/20
warmup_step:15/20
warmup_step:16/20
warmup_step:17/20
warmup_step:18/20
warmup_step:19/20
warmup_step:20/20
step:0/20000 val_loss:6.9353 val_bpb:4.1075 train_time:0ms step_avg:0.02ms
step:1/20000 train_loss:6.9354 train_time:3484ms step_avg:3484.09ms
step:2/20000 train_loss:16.7380 train_time:7075ms step_avg:3537.54ms
step:3/20000 train_loss:16.2322 train_time:10648ms step_avg:3549.44ms
step:4/20000 train_loss:15.2305 train_time:14238ms step_avg:3559.60ms
step:5/20000 train_loss:14.0749 train_time:17795ms step_avg:3559.08ms
step:6/20000 train_loss:12.7367 train_time:21383ms step_avg:3563.84ms
step:7/20000 train_loss:11.4528 train_time:24976ms step_avg:3568.01ms
step:8/20000 train_loss:10.3368 train_time:28560ms step_avg:3570.00ms
step:9/20000 train_loss:9.2782 train_time:32159ms step_avg:3573.21ms
step:10/20000 train_loss:8.3839 train_time:35752ms step_avg:3575.23ms
