logs/e25818e3-34bd-4ff1-8bb0-4fb552c3f5a5.txt
val_bpb:enabled tokenizer_kind=sentencepiece tokenizer_path=./data/tokenizers/fineweb_1024_bpe.model
train_loader:dataset:fineweb10B_sp1024 train_shards:80
val_loader:shards pattern=./data/datasets/fineweb10B_sp1024/fineweb_val_*.bin tokens:62021632
model_params:18436169
world_size:1 grad_accum_steps:8
v5: leaky_relu^2 muon_wd:0.04 eval_stride:0 xsa_all:True bigram_vocab_size:10240 bigram_dim:128
sdp_backends:cudnn=False flash=True mem_efficient=False math=False
attention_mode:gqa num_heads:8 num_kv_heads:4
tie_embeddings:True embed_lr:0.05 head_lr:0.0 matrix_lr:0.04 scalar_lr:0.04
train_batch_tokens:524288 train_seq_len:1024 iterations:20000 warmup_steps:20 max_wallclock_seconds:600.000
seed:1337
warmup_step:1/20
warmup_step:2/20
warmup_step:3/20
warmup_step:4/20
warmup_step:5/20
warmup_step:6/20
warmup_step:7/20
warmup_step:8/20
warmup_step:9/20
warmup_step:10/20
warmup_step:11/20
warmup_step:12/20
warmup_step:13/20
warmup_step:14/20
warmup_step:15/20
warmup_step:16/20
warmup_step:17/20
warmup_step:18/20
warmup_step:19/20
warmup_step:20/20
step:0/20000 val_loss:6.9353 val_bpb:4.1075 train_time:0ms step_avg:0.02ms
step:1/20000 train_loss:6.9354 train_time:1783ms step_avg:1782.57ms
step:2/20000 train_loss:16.7387 train_time:5225ms step_avg:2612.28ms
step:3/20000 train_loss:15.6817 train_time:8799ms step_avg:2932.84ms
step:4/20000 train_loss:14.3871 train_time:12392ms step_avg:3098.03ms
step:5/20000 train_loss:13.0565 train_time:16003ms step_avg:3200.63ms
step:6/20000 train_loss:11.6809 train_time:19591ms step_avg:3265.20ms
step:7/20000 train_loss:10.4209 train_time:23181ms step_avg:3311.61ms
step:8/20000 train_loss:9.4223 train_time:26768ms step_avg:3345.94ms
step:9/20000 train_loss:8.5017 train_time:30356ms step_avg:3372.92ms
step:10/20000 train_loss:7.7592 train_time:33945ms step_avg:3394.49ms
step:182/20000 val_loss:3.6336 val_bpb:2.1521 train_time:600690ms step_avg:3300.50ms
stopping_early: wallclock_cap train_time:600690ms step:182/20000
peak memory allocated: 11396 MiB reserved: 11454 MiB
Serialized model: 70109594 bytes
Code size: 56722 bytes
Total submission size: 70166316 bytes
Serialized model int8+zlib: 7109530 bytes (payload:18641188 raw_torch:18687505 payload_ratio:3.76x)
Total submission size int8+zlib: 7166252 bytes
final_int8_zlib_roundtrip val_loss:3.7166 val_bpb:2.2012 eval_time:59526ms
final_int8_zlib_roundtrip_exact val_loss:3.71658469 val_bpb:2.20117080
