logs/8f61dbda-64d3-41ee-a7c9-cc702f710ed6.txt
val_bpb:enabled tokenizer_kind=sentencepiece tokenizer_path=./data/tokenizers/fineweb_1024_bpe.model
train_loader:dataset:fineweb10B_sp1024 train_shards:80
val_loader:shards pattern=./data/datasets/fineweb10B_sp1024/fineweb_val_*.bin tokens:62021632
model_params:18436681
world_size:1 grad_accum_steps:8
v5: leaky_relu^2 muon_wd:0.04 eval_stride:64 xsa_all:True bigram_vocab_size:10240 bigram_dim:128
sdp_backends:cudnn=False flash=True mem_efficient=False math=False
attention_mode:gqa num_heads:8 num_kv_heads:4
tie_embeddings:True embed_lr:0.05 head_lr:0.0 matrix_lr:0.04 scalar_lr:0.04
train_batch_tokens:524288 train_seq_len:1024 iterations:20000 warmup_steps:20 max_wallclock_seconds:600.000
seed:1337
W0426 14:40:30.004000 258141 torch/_inductor/utils.py:1613] [0/0] Not enough SMs to use max_autotune_gemm mode
warmup_step:1/20
warmup_step:2/20
warmup_step:3/20
warmup_step:4/20
warmup_step:5/20
warmup_step:6/20
warmup_step:7/20
warmup_step:8/20
warmup_step:9/20
warmup_step:10/20
warmup_step:11/20
warmup_step:12/20
warmup_step:13/20
warmup_step:14/20
warmup_step:15/20
warmup_step:16/20
warmup_step:17/20
warmup_step:18/20
warmup_step:19/20
warmup_step:20/20
step:0/20000 val_loss:6.9349 val_bpb:4.1072 train_time:0ms step_avg:0.01ms
step:1/20000 train_loss:6.9350 train_time:1657ms step_avg:1656.63ms
step:2/20000 train_loss:16.4133 train_time:3317ms step_avg:1658.48ms
step:3/20000 train_loss:15.2256 train_time:4978ms step_avg:1659.49ms
step:4/20000 train_loss:13.1817 train_time:6641ms step_avg:1660.21ms
step:5/20000 train_loss:11.0090 train_time:8309ms step_avg:1661.76ms
step:6/20000 train_loss:9.1336 train_time:9980ms step_avg:1663.38ms
step:7/20000 train_loss:7.7111 train_time:11652ms step_avg:1664.51ms
step:8/20000 train_loss:6.9042 train_time:13322ms step_avg:1665.29ms
step:9/20000 train_loss:6.3563 train_time:14993ms step_avg:1665.88ms
step:10/20000 train_loss:6.0437 train_time:16666ms step_avg:1666.55ms
step:200/20000 train_loss:2.7668 train_time:336252ms step_avg:1681.26ms
step:357/20000 val_loss:2.6400 val_bpb:1.5636 train_time:601459ms step_avg:1684.76ms
stopping_early: wallclock_cap train_time:601459ms step:357/20000
peak memory allocated: 11464 MiB reserved: 11518 MiB
Serialized model: 70111963 bytes
Code size: 58839 bytes
Total submission size: 70170802 bytes
Serialized model int8+zlib: 9122293 bytes (payload:19164452 raw_torch:19210769 payload_ratio:3.66x)
Total submission size int8+zlib: 9181132 bytes
final_eval_mode:sliding_window stride:64 batch_seqs:512
  sliding_eval [  0.1%] 512/969088 windows running_bpb=1.5754
  sliding_eval [  5.3%] 51712/969088 windows running_bpb=1.5450
  sliding_eval [ 10.6%] 102912/969088 windows running_bpb=1.5473
  sliding_eval [ 15.9%] 154112/969088 windows running_bpb=1.5469
  sliding_eval [ 21.2%] 205312/969088 windows running_bpb=1.5463
  sliding_eval [ 26.5%] 256512/969088 windows running_bpb=1.5421
  sliding_eval [ 31.8%] 307712/969088 windows running_bpb=1.5390
  sliding_eval [ 37.0%] 358912/969088 windows running_bpb=1.5341
  sliding_eval [ 42.3%] 410112/969088 windows running_bpb=1.5335
  sliding_eval [ 47.6%] 461312/969088 windows running_bpb=1.5344
  sliding_eval [ 52.9%] 512512/969088 windows running_bpb=1.5358
  sliding_eval [ 58.2%] 563712/969088 windows running_bpb=1.5372
  sliding_eval [ 63.5%] 614912/969088 windows running_bpb=1.5354
  sliding_eval [ 68.7%] 666112/969088 windows running_bpb=1.5330
  sliding_eval [ 74.0%] 717312/969088 windows running_bpb=1.5322
  sliding_eval [ 79.3%] 768512/969088 windows running_bpb=1.5341
  sliding_eval [ 84.6%] 819712/969088 windows running_bpb=1.5354
  sliding_eval [ 89.9%] 870912/969088 windows running_bpb=1.5358
  sliding_eval [ 95.2%] 922112/969088 windows running_bpb=1.5345
final_int8_zlib_roundtrip val_loss:2.5891 val_bpb:1.5334 eval_time:2311098ms
final_int8_zlib_roundtrip_exact val_loss:2.58912967 val_bpb:1.53343039
