logs/f215aca0-1f0b-4c0b-8de2-0f924c91a5f2.txt
val_bpb:enabled tokenizer_kind=sentencepiece tokenizer_path=./data/tokenizers/fineweb_1024_bpe.model
train_loader:dataset:fineweb10B_sp1024 train_shards:80
val_loader:shards pattern=./data/datasets/fineweb10B_sp1024/fineweb_val_*.bin tokens:62021632
model_params:19746889
world_size:1 grad_accum_steps:8
v15: fp16_tok_emb fp16_bigram_emb bigram_vocab_size:20480 bigram_dim:128 leaky_relu^2 muon_wd:0.04 eval_stride:64 xsa_all:True
sdp_backends:cudnn=False flash=True mem_efficient=False math=False
attention_mode:gqa num_heads:8 num_kv_heads:4
tie_embeddings:True embed_lr:0.05 head_lr:0.0 matrix_lr:0.04 scalar_lr:0.04
train_batch_tokens:524288 train_seq_len:1024 iterations:20000 warmup_steps:20 max_wallclock_seconds:600.000
seed:1337
W0426 15:33:39.572000 280129 torch/_inductor/utils.py:1613] [0/0] Not enough SMs to use max_autotune_gemm mode
warmup_step:1/20
warmup_step:2/20
warmup_step:3/20
warmup_step:4/20
warmup_step:5/20
warmup_step:6/20
warmup_step:7/20
warmup_step:8/20
warmup_step:9/20
warmup_step:10/20
warmup_step:11/20
warmup_step:12/20
warmup_step:13/20
warmup_step:14/20
warmup_step:15/20
warmup_step:16/20
warmup_step:17/20
warmup_step:18/20
warmup_step:19/20
warmup_step:20/20
step:0/20000 val_loss:6.9350 val_bpb:4.1073 train_time:0ms step_avg:0.02ms
step:1/20000 train_loss:6.9351 train_time:1653ms step_avg:1653.18ms
step:2/20000 train_loss:16.9139 train_time:3306ms step_avg:1652.96ms
step:3/20000 train_loss:15.7923 train_time:4959ms step_avg:1653.11ms
step:4/20000 train_loss:13.7696 train_time:6619ms step_avg:1654.74ms
step:5/20000 train_loss:11.5666 train_time:8279ms step_avg:1655.73ms
step:6/20000 train_loss:9.5790 train_time:9939ms step_avg:1656.44ms
step:7/20000 train_loss:8.0132 train_time:11601ms step_avg:1657.28ms
step:8/20000 train_loss:7.0691 train_time:13263ms step_avg:1657.90ms
step:9/20000 train_loss:6.4188 train_time:14932ms step_avg:1659.11ms
step:10/20000 train_loss:6.0503 train_time:16595ms step_avg:1659.54ms
step:200/20000 train_loss:2.7747 train_time:334829ms step_avg:1674.14ms
step:358/20000 val_loss:2.6440 val_bpb:1.5660 train_time:600966ms step_avg:1678.68ms
stopping_early: wallclock_cap train_time:600966ms step:358/20000
peak memory allocated: 11412 MiB reserved: 11454 MiB
Serialized model: 72731034 bytes
Code size: 58399 bytes
Total submission size: 72789433 bytes
Serialized model int8+zlib: 9141315 bytes (payload:23075108 raw_torch:23120789 payload_ratio:3.15x)
Total submission size int8+zlib: 9199714 bytes
final_eval_mode:sliding_window stride:64 batch_seqs:512
  sliding_eval [  0.1%] 512/969088 windows running_bpb=1.5799
  sliding_eval [  5.3%] 51712/969088 windows running_bpb=1.5475
  sliding_eval [ 10.6%] 102912/969088 windows running_bpb=1.5497
  sliding_eval [ 15.9%] 154112/969088 windows running_bpb=1.5492
  sliding_eval [ 21.2%] 205312/969088 windows running_bpb=1.5486
  sliding_eval [ 26.5%] 256512/969088 windows running_bpb=1.5445
  sliding_eval [ 31.8%] 307712/969088 windows running_bpb=1.5413
  sliding_eval [ 37.0%] 358912/969088 windows running_bpb=1.5365
  sliding_eval [ 42.3%] 410112/969088 windows running_bpb=1.5360
  sliding_eval [ 47.6%] 461312/969088 windows running_bpb=1.5367
  sliding_eval [ 52.9%] 512512/969088 windows running_bpb=1.5382
  sliding_eval [ 58.2%] 563712/969088 windows running_bpb=1.5396
  sliding_eval [ 63.5%] 614912/969088 windows running_bpb=1.5378
  sliding_eval [ 68.7%] 666112/969088 windows running_bpb=1.5354
  sliding_eval [ 74.0%] 717312/969088 windows running_bpb=1.5346
  sliding_eval [ 79.3%] 768512/969088 windows running_bpb=1.5365
  sliding_eval [ 84.6%] 819712/969088 windows running_bpb=1.5378
  sliding_eval [ 89.9%] 870912/969088 windows running_bpb=1.5382
  sliding_eval [ 95.2%] 922112/969088 windows running_bpb=1.5369
final_int8_zlib_roundtrip val_loss:2.5932 val_bpb:1.5359 eval_time:2286671ms
final_int8_zlib_roundtrip_exact val_loss:2.59323334 val_bpb:1.53586082
