logs/2cfc7dad-45eb-4860-ad4d-e6283f53334a.txt
val_bpb:enabled tokenizer_kind=sentencepiece tokenizer_path=./data/tokenizers/fineweb_1024_bpe.model
train_loader:dataset:fineweb10B_sp1024 train_shards:80
val_loader:shards pattern=./data/datasets/fineweb10B_sp1024/fineweb_val_*.bin tokens:62021632
model_params:17059912
world_size:1 grad_accum_steps:8
v3: leaky_relu^2 muon_wd:0.04 eval_stride:64
sdp_backends:cudnn=False flash=True mem_efficient=False math=False
attention_mode:gqa num_heads:8 num_kv_heads:4
tie_embeddings:True embed_lr:0.05 head_lr:0.0 matrix_lr:0.04 scalar_lr:0.04
train_batch_tokens:524288 train_seq_len:1024 iterations:20000 warmup_steps:20 max_wallclock_seconds:600.000
seed:1337
warmup_step:1/20
warmup_step:2/20
warmup_step:3/20
warmup_step:4/20
warmup_step:5/20
warmup_step:6/20
warmup_step:7/20
warmup_step:8/20
warmup_step:9/20
warmup_step:10/20
warmup_step:11/20
warmup_step:12/20
warmup_step:13/20
warmup_step:14/20
warmup_step:15/20
warmup_step:16/20
warmup_step:17/20
warmup_step:18/20
warmup_step:19/20
warmup_step:20/20
step:0/20000 val_loss:6.9357 val_bpb:4.1077 train_time:0ms step_avg:0.02ms
step:1/20000 train_loss:6.9357 train_time:1483ms step_avg:1483.50ms
step:2/20000 train_loss:16.7283 train_time:3039ms step_avg:1519.46ms
step:3/20000 train_loss:12.9841 train_time:4602ms step_avg:1533.99ms
step:4/20000 train_loss:9.4671 train_time:6167ms step_avg:1541.86ms
step:5/20000 train_loss:7.2206 train_time:7728ms step_avg:1545.65ms
step:6/20000 train_loss:6.3014 train_time:9292ms step_avg:1548.60ms
step:7/20000 train_loss:5.9080 train_time:10857ms step_avg:1551.06ms
step:8/20000 train_loss:5.8526 train_time:12423ms step_avg:1552.86ms
step:9/20000 train_loss:5.8214 train_time:13985ms step_avg:1553.91ms
step:10/20000 train_loss:5.8228 train_time:15550ms step_avg:1554.99ms
step:200/20000 train_loss:2.8245 train_time:314519ms step_avg:1572.59ms
step:382/20000 val_loss:2.6051 val_bpb:1.5429 train_time:600949ms step_avg:1573.17ms
stopping_early: wallclock_cap train_time:600949ms step:382/20000
peak memory allocated: 10699 MiB reserved: 10764 MiB
Serialized model: 67224983 bytes
Code size: 53537 bytes
Total submission size: 67278520 bytes
Serialized model int8+zlib: 9008968 bytes (payload:17178912 raw_torch:17224025 payload_ratio:3.91x)
Total submission size int8+zlib: 9062505 bytes
final_eval_mode:sliding_window stride:64 batch_seqs:32
  sliding_eval [  0.0%] 32/969088 windows running_bpb=1.4830
  sliding_eval [  0.3%] 3232/969088 windows running_bpb=1.5255
  sliding_eval [  0.7%] 6432/969088 windows running_bpb=1.5405
  sliding_eval [  1.0%] 9632/969088 windows running_bpb=1.5462
  sliding_eval [  1.3%] 12832/969088 windows running_bpb=1.5374
  sliding_eval [  1.7%] 16032/969088 windows running_bpb=1.5489
  sliding_eval [  2.0%] 19232/969088 windows running_bpb=1.5476
  sliding_eval [  2.3%] 22432/969088 windows running_bpb=1.5459
  sliding_eval [  2.6%] 25632/969088 windows running_bpb=1.5484
  sliding_eval [  3.0%] 28832/969088 windows running_bpb=1.5539
  sliding_eval [  3.3%] 32032/969088 windows running_bpb=1.5535
  sliding_eval [  3.6%] 35232/969088 windows running_bpb=1.5514
  sliding_eval [  4.0%] 38432/969088 windows running_bpb=1.5508
  sliding_eval [  4.3%] 41632/969088 windows running_bpb=1.5482
  sliding_eval [  4.6%] 44832/969088 windows running_bpb=1.5486
  sliding_eval [  5.0%] 48032/969088 windows running_bpb=1.5473
  sliding_eval [  5.3%] 51232/969088 windows running_bpb=1.5501
  sliding_eval [  5.6%] 54432/969088 windows running_bpb=1.5507
  sliding_eval [  5.9%] 57632/969088 windows running_bpb=1.5513
  sliding_eval [  6.3%] 60832/969088 windows running_bpb=1.5475
  sliding_eval [  6.6%] 64032/969088 windows running_bpb=1.5479
  sliding_eval [  6.9%] 67232/969088 windows running_bpb=1.5466
  sliding_eval [  7.3%] 70432/969088 windows running_bpb=1.5454
  sliding_eval [  7.6%] 73632/969088 windows running_bpb=1.5456
  sliding_eval [  7.9%] 76832/969088 windows running_bpb=1.5459
  sliding_eval [  8.3%] 80032/969088 windows running_bpb=1.5465
  sliding_eval [  8.6%] 83232/969088 windows running_bpb=1.5481
  sliding_eval [  8.9%] 86432/969088 windows running_bpb=1.5491
  sliding_eval [  9.2%] 89632/969088 windows running_bpb=1.5501
  sliding_eval [  9.6%] 92832/969088 windows running_bpb=1.5496
  sliding_eval [  9.9%] 96032/969088 windows running_bpb=1.5497
  sliding_eval [ 10.2%] 99232/969088 windows running_bpb=1.5526
