logs/3381684a-2588-41a6-a7b2-3b8c9fbaa376.txt
val_bpb:enabled tokenizer_kind=sentencepiece tokenizer_path=./data/tokenizers/fineweb_1024_bpe.model
train_loader:dataset:fineweb10B_sp1024 train_shards:80
val_loader:shards pattern=./data/datasets/fineweb10B_sp1024/fineweb_val_*.bin tokens:62021632
model_params:17059912
world_size:1 grad_accum_steps:8
v3: leaky_relu^2 muon_wd:0.04 eval_stride:64
sdp_backends:cudnn=False flash=True mem_efficient=False math=False
attention_mode:gqa num_heads:8 num_kv_heads:4
tie_embeddings:True embed_lr:0.05 head_lr:0.0 matrix_lr:0.04 scalar_lr:0.04
train_batch_tokens:524288 train_seq_len:1024 iterations:20000 warmup_steps:20 max_wallclock_seconds:600.000
seed:1337
W0426 06:43:43.755000 90632 torch/_inductor/utils.py:1613] [0/0] Not enough SMs to use max_autotune_gemm mode
warmup_step:1/20
warmup_step:2/20
warmup_step:3/20
warmup_step:4/20
warmup_step:5/20
warmup_step:6/20
warmup_step:7/20
warmup_step:8/20
warmup_step:9/20
warmup_step:10/20
warmup_step:11/20
warmup_step:12/20
warmup_step:13/20
warmup_step:14/20
warmup_step:15/20
warmup_step:16/20
warmup_step:17/20
warmup_step:18/20
warmup_step:19/20
warmup_step:20/20
step:0/20000 val_loss:6.9357 val_bpb:4.1077 train_time:0ms step_avg:0.01ms
step:1/20000 train_loss:6.9357 train_time:1465ms step_avg:1465.44ms
step:2/20000 train_loss:16.7283 train_time:3004ms step_avg:1502.08ms
step:3/20000 train_loss:12.9426 train_time:4548ms step_avg:1515.87ms
step:4/20000 train_loss:9.4105 train_time:6097ms step_avg:1524.26ms
step:5/20000 train_loss:7.1785 train_time:7641ms step_avg:1528.26ms
step:6/20000 train_loss:6.2835 train_time:9193ms step_avg:1532.12ms
step:7/20000 train_loss:5.9037 train_time:10741ms step_avg:1534.48ms
step:8/20000 train_loss:5.8522 train_time:12292ms step_avg:1536.53ms
step:9/20000 train_loss:5.8228 train_time:13842ms step_avg:1538.01ms
step:10/20000 train_loss:5.8250 train_time:15391ms step_avg:1539.05ms
step:200/20000 train_loss:2.8249 train_time:314046ms step_avg:1570.23ms
step:382/20000 val_loss:2.6058 val_bpb:1.5433 train_time:600938ms step_avg:1573.14ms
stopping_early: wallclock_cap train_time:600938ms step:382/20000
peak memory allocated: 10699 MiB reserved: 10764 MiB
Serialized model: 67224983 bytes
Code size: 53524 bytes
Total submission size: 67278507 bytes
Serialized model int8+zlib: 9022151 bytes (payload:17178912 raw_torch:17224025 payload_ratio:3.91x)
Total submission size int8+zlib: 9075675 bytes
final_eval_mode:sliding_window stride:64 batch_seqs:32
Traceback (most recent call last):
  File "/root/parameter-golf/experiments/v3_sliding_leaky.py", line 1268, in <module>
    main()
  File "/root/parameter-golf/experiments/v3_sliding_leaky.py", line 1229, in main
    q_val_loss, q_val_bpb = eval_val_sliding(
                            ^^^^^^^^^^^^^^^^^
  File "/root/parameter-golf/experiments/v3_sliding_leaky.py", line 835, in eval_val_sliding
    log0(f"  sliding_eval [{pct:5.1f}%] {done}/{len(my_windows)} windows running_bpb={running_bpb:.4f}")
    ^^^^
NameError: name 'log0' is not defined
