logs/65b9799c-71fd-4d35-afed-0ffa68d0d907.txt
val_bpb:enabled tokenizer_kind=sentencepiece tokenizer_path=./data/tokenizers/fineweb_1024_bpe.model
train_loader:dataset:fineweb10B_sp1024 train_shards:80
val_loader:shards pattern=./data/datasets/fineweb10B_sp1024/fineweb_val_*.bin tokens:62021632
model_params:18436169
world_size:1 grad_accum_steps:8
v5: leaky_relu^2 muon_wd:0.04 eval_stride:0 xsa_all:True bigram_vocab_size:10240 bigram_dim:128
sdp_backends:cudnn=False flash=True mem_efficient=False math=False
attention_mode:gqa num_heads:8 num_kv_heads:4
tie_embeddings:True embed_lr:0.05 head_lr:0.0 matrix_lr:0.04 scalar_lr:0.04
train_batch_tokens:524288 train_seq_len:1024 iterations:20000 warmup_steps:20 max_wallclock_seconds:600.000
seed:1337
W0426 08:00:51.559000 123318 torch/_inductor/utils.py:1613] [0/0] Not enough SMs to use max_autotune_gemm mode
warmup_step:1/20
warmup_step:2/20
warmup_step:3/20
warmup_step:4/20
warmup_step:5/20
warmup_step:6/20
warmup_step:7/20
warmup_step:8/20
warmup_step:9/20
warmup_step:10/20
warmup_step:11/20
warmup_step:12/20
warmup_step:13/20
warmup_step:14/20
warmup_step:15/20
warmup_step:16/20
warmup_step:17/20
warmup_step:18/20
warmup_step:19/20
warmup_step:20/20
step:0/20000 val_loss:6.9353 val_bpb:4.1075 train_time:0ms step_avg:0.02ms
step:1/20000 train_loss:6.9354 train_time:1649ms step_avg:1648.97ms
step:2/20000 train_loss:16.7384 train_time:3296ms step_avg:1648.17ms
step:3/20000 train_loss:15.5942 train_time:4946ms step_avg:1648.51ms
step:4/20000 train_loss:13.5793 train_time:6597ms step_avg:1649.14ms
step:5/20000 train_loss:11.3977 train_time:8251ms step_avg:1650.10ms
step:6/20000 train_loss:9.4439 train_time:9903ms step_avg:1650.47ms
step:7/20000 train_loss:7.9201 train_time:11555ms step_avg:1650.74ms
step:8/20000 train_loss:7.0164 train_time:13208ms step_avg:1651.01ms
step:9/20000 train_loss:6.3953 train_time:14862ms step_avg:1651.34ms
step:10/20000 train_loss:6.0578 train_time:16516ms step_avg:1651.58ms
step:200/20000 train_loss:2.7618 train_time:334276ms step_avg:1671.38ms
step:359/20000 val_loss:2.5968 val_bpb:1.5380 train_time:600718ms step_avg:1673.31ms
stopping_early: wallclock_cap train_time:600718ms step:359/20000
peak memory allocated: 11396 MiB reserved: 11454 MiB
Serialized model: 70109594 bytes
Code size: 56722 bytes
Total submission size: 70166316 bytes
Serialized model int8+zlib: 8766809 bytes (payload:18641188 raw_torch:18687505 payload_ratio:3.76x)
Total submission size int8+zlib: 8823531 bytes
final_int8_zlib_roundtrip val_loss:2.6369 val_bpb:1.5617 eval_time:59772ms
final_int8_zlib_roundtrip_exact val_loss:2.63692497 val_bpb:1.56173550
