logs/c25e71cf-2cd9-4c12-bb82-0af0a761d942.txt
val_bpb:enabled tokenizer_kind=sentencepiece tokenizer_path=./data/tokenizers/fineweb_1024_bpe.model
train_loader:dataset:fineweb10B_sp1024 train_shards:80
val_loader:shards pattern=./data/datasets/fineweb10B_sp1024/fineweb_val_*.bin tokens:62021632
model_params:18436169
world_size:1 grad_accum_steps:8
v5: leaky_relu^2 muon_wd:0.04 eval_stride:64 xsa_all:True bigram_vocab_size:10240 bigram_dim:128
sdp_backends:cudnn=False flash=True mem_efficient=False math=False
attention_mode:gqa num_heads:8 num_kv_heads:4
tie_embeddings:True embed_lr:0.05 head_lr:0.0 matrix_lr:0.04 scalar_lr:0.04
train_batch_tokens:524288 train_seq_len:1024 iterations:20000 warmup_steps:20 max_wallclock_seconds:600.000
seed:1337
warmup_step:1/20
warmup_step:2/20
warmup_step:3/20
warmup_step:4/20
warmup_step:5/20
warmup_step:6/20
warmup_step:7/20
warmup_step:8/20
warmup_step:9/20
warmup_step:10/20
warmup_step:11/20
warmup_step:12/20
warmup_step:13/20
warmup_step:14/20
warmup_step:15/20
warmup_step:16/20
warmup_step:17/20
warmup_step:18/20
warmup_step:19/20
warmup_step:20/20
step:0/20000 val_loss:6.9353 val_bpb:4.1075 train_time:0ms step_avg:0.03ms
step:1/20000 train_loss:6.9354 train_time:1647ms step_avg:1646.92ms
step:2/20000 train_loss:16.7384 train_time:3308ms step_avg:1654.00ms
step:3/20000 train_loss:15.5923 train_time:4972ms step_avg:1657.48ms
step:4/20000 train_loss:13.5846 train_time:6643ms step_avg:1660.63ms
step:5/20000 train_loss:11.4135 train_time:8336ms step_avg:1667.25ms
step:6/20000 train_loss:9.4659 train_time:10009ms step_avg:1668.18ms
step:7/20000 train_loss:7.9461 train_time:11683ms step_avg:1668.93ms
step:8/20000 train_loss:7.0405 train_time:13356ms step_avg:1669.51ms
step:9/20000 train_loss:6.4124 train_time:15031ms step_avg:1670.13ms
step:10/20000 train_loss:6.0694 train_time:16705ms step_avg:1670.51ms
step:200/20000 train_loss:2.7680 train_time:335798ms step_avg:1678.99ms
step:358/20000 val_loss:2.6004 val_bpb:1.5401 train_time:601205ms step_avg:1679.34ms
stopping_early: wallclock_cap train_time:601205ms step:358/20000
peak memory allocated: 11396 MiB reserved: 11454 MiB
Serialized model: 70109594 bytes
Code size: 56722 bytes
Total submission size: 70166316 bytes
Serialized model int8+zlib: 8752883 bytes (payload:18641188 raw_torch:18687505 payload_ratio:3.76x)
Total submission size int8+zlib: 8809605 bytes
final_eval_mode:sliding_window stride:64 batch_seqs:512
  sliding_eval [  0.1%] 512/969088 windows running_bpb=1.5758
  sliding_eval [  5.3%] 51712/969088 windows running_bpb=1.5459
  sliding_eval [ 10.6%] 102912/969088 windows running_bpb=1.5483
  sliding_eval [ 15.9%] 154112/969088 windows running_bpb=1.5479
  sliding_eval [ 21.2%] 205312/969088 windows running_bpb=1.5472
  sliding_eval [ 26.5%] 256512/969088 windows running_bpb=1.5430
  sliding_eval [ 31.8%] 307712/969088 windows running_bpb=1.5398
  sliding_eval [ 37.0%] 358912/969088 windows running_bpb=1.5350
  sliding_eval [ 42.3%] 410112/969088 windows running_bpb=1.5345
  sliding_eval [ 47.6%] 461312/969088 windows running_bpb=1.5353
  sliding_eval [ 52.9%] 512512/969088 windows running_bpb=1.5368
  sliding_eval [ 58.2%] 563712/969088 windows running_bpb=1.5382
  sliding_eval [ 63.5%] 614912/969088 windows running_bpb=1.5363
  sliding_eval [ 68.7%] 666112/969088 windows running_bpb=1.5339
  sliding_eval [ 74.0%] 717312/969088 windows running_bpb=1.5331
  sliding_eval [ 79.3%] 768512/969088 windows running_bpb=1.5351
  sliding_eval [ 84.6%] 819712/969088 windows running_bpb=1.5363
  sliding_eval [ 89.9%] 870912/969088 windows running_bpb=1.5367
  sliding_eval [ 95.2%] 922112/969088 windows running_bpb=1.5354
final_int8_zlib_roundtrip val_loss:2.5907 val_bpb:1.5344 eval_time:2293819ms
final_int8_zlib_roundtrip_exact val_loss:2.59074092 val_bpb:1.53438467
