logs/1c9c149c-e170-4af2-b1cd-d0be554cc349.txt
val_bpb:enabled tokenizer_kind=sentencepiece tokenizer_path=./data/tokenizers/fineweb_1024_bpe.model
train_loader:dataset:fineweb10B_sp1024 train_shards:80
val_loader:shards pattern=./data/datasets/fineweb10B_sp1024/fineweb_val_*.bin tokens:62021632
model_params:17346633
world_size:1 grad_accum_steps:8
v6b: leaky_relu^2 muon_wd:0.04 eval_stride:0 xsa_all:True bigram_vocab_size:2048 bigram_dim:112 rope_dims:16 ln_scale:False qk_gain_init:1.5
sdp_backends:cudnn=False flash=True mem_efficient=False math=False
attention_mode:gqa num_heads:8 num_kv_heads:4
tie_embeddings:True embed_lr:0.05 head_lr:0.0 matrix_lr:0.04 scalar_lr:0.04
train_batch_tokens:524288 train_seq_len:1024 iterations:20000 warmup_steps:20 max_wallclock_seconds:600.000
seed:1337
W0426 09:25:01.642000 152211 torch/_inductor/utils.py:1613] [0/0] Not enough SMs to use max_autotune_gemm mode
warmup_step:1/20
warmup_step:2/20
warmup_step:3/20
warmup_step:4/20
warmup_step:5/20
warmup_step:6/20
warmup_step:7/20
warmup_step:8/20
warmup_step:9/20
warmup_step:10/20
warmup_step:11/20
warmup_step:12/20
warmup_step:13/20
warmup_step:14/20
warmup_step:15/20
warmup_step:16/20
warmup_step:17/20
warmup_step:18/20
warmup_step:19/20
warmup_step:20/20
step:0/20000 val_loss:6.9376 val_bpb:4.1089 train_time:0ms step_avg:0.02ms
step:1/20000 train_loss:6.9378 train_time:1598ms step_avg:1598.19ms
step:2/20000 train_loss:16.9278 train_time:3261ms step_avg:1630.39ms
step:3/20000 train_loss:13.4952 train_time:4928ms step_avg:1642.60ms
step:4/20000 train_loss:10.0253 train_time:6598ms step_avg:1649.40ms
step:5/20000 train_loss:7.5824 train_time:8269ms step_avg:1653.71ms
step:6/20000 train_loss:6.4360 train_time:9942ms step_avg:1656.98ms
step:7/20000 train_loss:5.9324 train_time:11618ms step_avg:1659.68ms
step:8/20000 train_loss:5.8264 train_time:13291ms step_avg:1661.41ms
step:9/20000 train_loss:5.7936 train_time:14966ms step_avg:1662.89ms
step:10/20000 train_loss:5.7985 train_time:16642ms step_avg:1664.15ms
step:200/20000 train_loss:2.8959 train_time:337562ms step_avg:1687.81ms
step:356/20000 val_loss:2.6614 val_bpb:1.5762 train_time:601099ms step_avg:1688.48ms
stopping_early: wallclock_cap train_time:601099ms step:356/20000
peak memory allocated: 11384 MiB reserved: 11450 MiB
Serialized model: 67914138 bytes
Code size: 58337 bytes
Total submission size: 67972475 bytes
Serialized model int8+zlib: 9299986 bytes (payload:17527076 raw_torch:17573393 payload_ratio:3.87x)
Total submission size int8+zlib: 9358323 bytes
final_int8_zlib_roundtrip val_loss:2.6869 val_bpb:1.5913 eval_time:59601ms
final_int8_zlib_roundtrip_exact val_loss:2.68687131 val_bpb:1.59131654
