logs/848d218d-38e5-4db9-b7fb-a5a5faec84cd.txt
val_bpb:enabled tokenizer_kind=sentencepiece tokenizer_path=./data/tokenizers/fineweb_1024_bpe.model
train_loader:dataset:fineweb10B_sp1024 train_shards:80
val_loader:shards pattern=./data/datasets/fineweb10B_sp1024/fineweb_val_*.bin tokens:62021632
model_params:18436169
world_size:1 grad_accum_steps:8
v8b: leaky_relu^2 muon_wd:0.04 eval_stride:0 xsa_all:True bigram_vocab_size:10240 bigram_dim:128 recur_layers:[4, 5] recur_start_step:180
sdp_backends:cudnn=False flash=True mem_efficient=False math=False
attention_mode:gqa num_heads:8 num_kv_heads:4
tie_embeddings:True embed_lr:0.05 head_lr:0.0 matrix_lr:0.04 scalar_lr:0.04
train_batch_tokens:524288 train_seq_len:1024 iterations:20000 warmup_steps:20 max_wallclock_seconds:600.000
seed:1337
warmup_step:1/20
warmup_step:2/20
warmup_step:3/20
warmup_step:4/20
warmup_step:5/20
warmup_step:6/20
warmup_step:7/20
warmup_step:8/20
warmup_step:9/20
warmup_step:10/20
warmup_step:11/20
warmup_step:12/20
warmup_step:13/20
warmup_step:14/20
warmup_step:15/20
warmup_step:16/20
warmup_step:17/20
warmup_step:18/20
warmup_step:19/20
warmup_step:20/20
step:0/20000 val_loss:6.9353 val_bpb:4.1075 train_time:0ms step_avg:0.03ms
step:1/20000 train_loss:6.9354 train_time:1646ms step_avg:1646.39ms
step:2/20000 train_loss:16.7384 train_time:3309ms step_avg:1654.60ms
step:3/20000 train_loss:15.5920 train_time:4978ms step_avg:1659.28ms
step:4/20000 train_loss:13.5850 train_time:6644ms step_avg:1660.89ms
step:5/20000 train_loss:11.4161 train_time:8314ms step_avg:1662.86ms
step:6/20000 train_loss:9.4679 train_time:9984ms step_avg:1664.05ms
step:7/20000 train_loss:7.9442 train_time:11655ms step_avg:1665.04ms
step:8/20000 train_loss:7.0372 train_time:13328ms step_avg:1666.06ms
step:9/20000 train_loss:6.4097 train_time:15000ms step_avg:1666.65ms
step:10/20000 train_loss:6.0673 train_time:16673ms step_avg:1667.33ms
recur:activating layers=[4, 5] at step=180
recur:compiled step=180
W0426 11:18:27.645000 186452 torch/_inductor/utils.py:1613] [0/4] Not enough SMs to use max_autotune_gemm mode
step:200/20000 train_loss:2.7750 train_time:372150ms step_avg:1860.75ms
step:313/20000 val_loss:2.6665 val_bpb:1.5792 train_time:601584ms step_avg:1921.99ms
stopping_early: wallclock_cap train_time:601584ms step:313/20000
peak memory allocated: 14312 MiB reserved: 14338 MiB
Serialized model: 70109594 bytes
Code size: 58247 bytes
Total submission size: 70167841 bytes
Serialized model int8+zlib: 8685851 bytes (payload:18641188 raw_torch:18687505 payload_ratio:3.76x)
Total submission size int8+zlib: 8744098 bytes
final_int8_zlib_roundtrip val_loss:2.7037 val_bpb:1.6013 eval_time:71958ms
final_int8_zlib_roundtrip_exact val_loss:2.70374307 val_bpb:1.60130894
