logs/c3fea489-0a87-4446-9a3b-180adfb5cb5a.txt
val_bpb:enabled tokenizer_kind=sentencepiece tokenizer_path=./data/tokenizers/fineweb_1024_bpe.model
train_loader:dataset:fineweb10B_sp1024 train_shards:80
val_loader:shards pattern=./data/datasets/fineweb10B_sp1024/fineweb_val_*.bin tokens:62021632
model_params:18436169
world_size:1 grad_accum_steps:8
v9: leaky_relu^2 muon_wd:0.04 eval_stride:64 xsa_all:True bigram_vocab_size:10240 bigram_dim:128 ttt_enabled:True
sdp_backends:cudnn=False flash=True mem_efficient=False math=False
attention_mode:gqa num_heads:8 num_kv_heads:4
tie_embeddings:True embed_lr:0.05 head_lr:0.0 matrix_lr:0.04 scalar_lr:0.04
train_batch_tokens:524288 train_seq_len:1024 iterations:20000 warmup_steps:20 max_wallclock_seconds:600.000
seed:1337
warmup_step:1/20
warmup_step:2/20
warmup_step:3/20
warmup_step:4/20
warmup_step:5/20
warmup_step:6/20
warmup_step:7/20
warmup_step:8/20
warmup_step:9/20
warmup_step:10/20
warmup_step:11/20
warmup_step:12/20
warmup_step:13/20
warmup_step:14/20
warmup_step:15/20
warmup_step:16/20
warmup_step:17/20
warmup_step:18/20
warmup_step:19/20
warmup_step:20/20
step:0/20000 val_loss:6.9353 val_bpb:4.1075 train_time:0ms step_avg:0.02ms
step:1/20000 train_loss:6.9354 train_time:1642ms step_avg:1641.50ms
step:2/20000 train_loss:16.7384 train_time:3293ms step_avg:1646.58ms
step:3/20000 train_loss:15.5875 train_time:4947ms step_avg:1649.00ms
step:4/20000 train_loss:13.5724 train_time:6604ms step_avg:1650.95ms
step:5/20000 train_loss:11.3920 train_time:8262ms step_avg:1652.44ms
step:6/20000 train_loss:9.4420 train_time:9927ms step_avg:1654.47ms
step:7/20000 train_loss:7.9210 train_time:11592ms step_avg:1656.01ms
step:8/20000 train_loss:7.0188 train_time:13258ms step_avg:1657.20ms
step:9/20000 train_loss:6.3977 train_time:14922ms step_avg:1658.00ms
step:10/20000 train_loss:6.0598 train_time:16588ms step_avg:1658.80ms
step:200/20000 train_loss:2.7642 train_time:335324ms step_avg:1676.62ms
step:358/20000 val_loss:2.5989 val_bpb:1.5392 train_time:600457ms step_avg:1677.25ms
stopping_early: wallclock_cap train_time:600457ms step:358/20000
peak memory allocated: 11396 MiB reserved: 11454 MiB
Serialized model: 70109594 bytes
Code size: 63784 bytes
Total submission size: 70173378 bytes
Serialized model int8+zlib: 8758069 bytes (payload:18641188 raw_torch:18687505 payload_ratio:3.76x)
Total submission size int8+zlib: 8821853 bytes
final_eval_mode:sliding_window_ttt stride:64 batch_seqs:512 ttt_lr:0.002 ttt_momentum:0.9 ttt_steps_per_chunk:1
  ttt_eval [  0.1%] 512/969088 windows running_bpb=1.5772 ttt_steps=1 elapsed=1.5s
  ttt_eval [ 10.6%] 102912/969088 windows running_bpb=1.5419 ttt_steps=201 elapsed=256.5s
  ttt_eval [ 21.2%] 205312/969088 windows running_bpb=1.5398 ttt_steps=401 elapsed=511.7s
